<?xml version="1.0" encoding="UTF-8"?>
<!-- Generated by org.testng.reporters.JUnitReportReporter -->
<testsuite hostname="DESKTOP-51JIPKB" failures="0" tests="7" name="cucumberOptions.TestNGRunner" time="0.127" errors="0" timestamp="2023-11-20T04:26:12 EST" skipped="0">
  <testcase classname="cucumberOptions.TestNGRunner" name="runScenario" time="0.016"/>
  <testcase classname="cucumberOptions.TestNGRunner" name="runScenario" time="0.005"/>
  <testcase classname="cucumberOptions.TestNGRunner" name="runScenario" time="0.006"/>
  <testcase classname="cucumberOptions.TestNGRunner" name="runScenario" time="0.005"/>
  <testcase classname="cucumberOptions.TestNGRunner" name="runScenario" time="0.008"/>
  <testcase classname="cucumberOptions.TestNGRunner" name="runScenario" time="0.008"/>
  <testcase classname="cucumberOptions.TestNGRunner" name="runScenario" time="0.079"/>
</testsuite> <!-- cucumberOptions.TestNGRunner -->
